<?xml version="1.0" encoding="UTF-8" standalone="no"?>
<testsuite errors="0" failures="3" name="io.cucumber.core.plugin.JUnitFormatter" skipped="0" tests="8" time="91.525">
    <testcase classname="US999 amazon arama" name="TC001 amazon java arama" time="11.739">
        <system-out>
            <![CDATA[When kullanici amazon sayfasina gider.......................................passed
And "java" için arama yapar.................................................passed
Then sonucun java icerdigini test eder......................................passed
And sayfayi kapatir.........................................................passed
]]>
        </system-out>
    </testcase>
    <testcase classname="US999 amazon arama" name="TC002 Youtube'a git Amazon'a dön" time="13.63">
        <system-out>
            <![CDATA[Given "youtubeURL" ana sayfasina gidelim....................................passed
Then kullanici amazon sayfasina gider.......................................passed
And Sayfa basliginin (title) "Amazon" icerdigi dogrulayin...................passed
Then "youtubeURL" ana sayfasina gidelim.....................................passed
And Sayfa URL’inin "https://www.youtube.com/" oldugunu dogrulayin...........passed
Then kullanici amazon sayfasina gider.......................................passed
And sayfayi kapatir.........................................................passed
]]>
        </system-out>
    </testcase>
    <testcase classname="US999 amazon arama" name="TC006 Amazon Arama" time="15.436">
        <system-out>
            <![CDATA[Given kullanici amazon sayfasina gider......................................passed
When "mango" için arama yapar...............................................passed
Then Amazonda görüntülenen ilgili sonuçların sayısını yazdırın..............passed
And resimleri indirir.......................................................passed
And sayfayi kapatir.........................................................passed
]]>
        </system-out>
    </testcase>
    <testcase classname="US999 amazon arama" name="TC006 Amazon Arama 2" time="11.259">
        <system-out>
            <![CDATA[Given kullanici amazon sayfasina gider......................................passed
When "nane" için arama yapar................................................passed
Then Amazonda görüntülenen ilgili sonuçların sayısını yazdırın..............passed
And resimleri indirir.......................................................passed
And sayfayi kapatir.........................................................passed
]]>
        </system-out>
    </testcase>
    <testcase classname="1002 Facebook Handle" name="TC003 Facebook" time="19.935">
        <failure message="no such element: Unable to locate element: {&quot;method&quot;:&quot;xpath&quot;,&quot;selector&quot;:&quot;(//div[@class='_9ay7'])&quot;}&#10;  (Session info: chrome=98.0.4758.102)&#10;For documentation on this error, please visit: https://www.seleniumhq.org/exceptions/no_such_element.html&#10;Build info: version: '3.141.59', revision: 'e82be7d358', time: '2018-11-14T08:17:03'&#10;System info: host: 'PC', ip: '192.168.1.37', os.name: 'Windows 8.1', os.arch: 'amd64', os.version: '6.3', java.version: '11.0.11'&#10;Driver info: org.openqa.selenium.chrome.ChromeDriver&#10;Capabilities {acceptInsecureCerts: false, browserName: chrome, browserVersion: 98.0.4758.102, chrome: {chromedriverVersion: 98.0.4758.102 (273bf7ac8c90..., userDataDir: C:\Users\pc1\AppData\Local\...}, goog:chromeOptions: {debuggerAddress: localhost:52772}, javascriptEnabled: true, networkConnectionEnabled: false, pageLoadStrategy: normal, platform: WINDOWS, platformName: WINDOWS, proxy: Proxy(), setWindowRect: true, strictFileInteractability: false, timeouts: {implicit: 0, pageLoad: 300000, script: 30000}, unhandledPromptBehavior: dismiss and notify, webauthn:extension:credBlob: true, webauthn:extension:largeBlob: true, webauthn:virtualAuthenticators: true}&#10;Session ID: 260fc28b961a8b5cb610242b248b0922&#10;*** Element info: {Using=xpath, value=(//div[@class='_9ay7'])}" type="org.openqa.selenium.NoSuchElementException">
            <![CDATA[Given "facebookURL" ana sayfasina gidelim...................................passed
Then facebookEmailTextboxa email yazdiralim.................................passed
Then facebookPasswordTextboxa sifre yazdiralim..............................passed
And facebook login butonunu tıklayalım......................................passed
Then facebookBasarisizGiris dogrulama.......................................failed
And sayfayi kapatir.........................................................skipped

StackTrace:
org.openqa.selenium.NoSuchElementException: no such element: Unable to locate element: {"method":"xpath","selector":"(//div[@class='_9ay7'])"}
  (Session info: chrome=98.0.4758.102)
For documentation on this error, please visit: https://www.seleniumhq.org/exceptions/no_such_element.html
Build info: version: '3.141.59', revision: 'e82be7d358', time: '2018-11-14T08:17:03'
System info: host: 'PC', ip: '192.168.1.37', os.name: 'Windows 8.1', os.arch: 'amd64', os.version: '6.3', java.version: '11.0.11'
Driver info: org.openqa.selenium.chrome.ChromeDriver
Capabilities {acceptInsecureCerts: false, browserName: chrome, browserVersion: 98.0.4758.102, chrome: {chromedriverVersion: 98.0.4758.102 (273bf7ac8c90..., userDataDir: C:\Users\pc1\AppData\Local\...}, goog:chromeOptions: {debuggerAddress: localhost:52772}, javascriptEnabled: true, networkConnectionEnabled: false, pageLoadStrategy: normal, platform: WINDOWS, platformName: WINDOWS, proxy: Proxy(), setWindowRect: true, strictFileInteractability: false, timeouts: {implicit: 0, pageLoad: 300000, script: 30000}, unhandledPromptBehavior: dismiss and notify, webauthn:extension:credBlob: true, webauthn:extension:largeBlob: true, webauthn:virtualAuthenticators: true}
Session ID: 260fc28b961a8b5cb610242b248b0922
*** Element info: {Using=xpath, value=(//div[@class='_9ay7'])}
	at java.base/jdk.internal.reflect.NativeConstructorAccessorImpl.newInstance0(Native Method)
	at java.base/jdk.internal.reflect.NativeConstructorAccessorImpl.newInstance(NativeConstructorAccessorImpl.java:62)
	at java.base/jdk.internal.reflect.DelegatingConstructorAccessorImpl.newInstance(DelegatingConstructorAccessorImpl.java:45)
	at java.base/java.lang.reflect.Constructor.newInstance(Constructor.java:490)
	at org.openqa.selenium.remote.http.W3CHttpResponseCodec.createException(W3CHttpResponseCodec.java:187)
	at org.openqa.selenium.remote.http.W3CHttpResponseCodec.decode(W3CHttpResponseCodec.java:122)
	at org.openqa.selenium.remote.http.W3CHttpResponseCodec.decode(W3CHttpResponseCodec.java:49)
	at org.openqa.selenium.remote.HttpCommandExecutor.execute(HttpCommandExecutor.java:158)
	at org.openqa.selenium.remote.service.DriverCommandExecutor.execute(DriverCommandExecutor.java:83)
	at org.openqa.selenium.remote.RemoteWebDriver.execute(RemoteWebDriver.java:552)
	at org.openqa.selenium.remote.RemoteWebDriver.findElement(RemoteWebDriver.java:323)
	at org.openqa.selenium.remote.RemoteWebDriver.findElementByXPath(RemoteWebDriver.java:428)
	at org.openqa.selenium.By$ByXPath.findElement(By.java:353)
	at org.openqa.selenium.remote.RemoteWebDriver.findElement(RemoteWebDriver.java:315)
	at org.openqa.selenium.support.pagefactory.DefaultElementLocator.findElement(DefaultElementLocator.java:69)
	at org.openqa.selenium.support.pagefactory.internal.LocatingElementHandler.invoke(LocatingElementHandler.java:38)
	at com.sun.proxy.$Proxy20.isDisplayed(Unknown Source)
	at stepdefinitions.facebookStepDefinitions.facebook_basarisiz_giris_dogrulama(facebookStepDefinitions.java:27)
	at ✽.facebookBasarisizGiris dogrulama(file:///C:/Users/pc1/eclipse-workspace/com.Cucumber/src/test/resources/features/facebook.feature:16)
]]>
        </failure>
    </testcase>
    <testcase classname="1004 Herokuapp visit and click" name="TC005 herokuapp visit." time="7.674">
        <failure message="The scenario has pending or undefined step(s)" type="java.lang.Exception">
            <![CDATA[Given "herokuAppUrl" ana sayfasina gidelim..................................passed
Then Add Element butonuna tiklayin..........................................passed
And Delete butonu’nun gorunur oldugunu test edin............................undefined
Then Delete tusuna tiklayalim...............................................skipped
And sayfayi kapatir.........................................................skipped
]]>
        </failure>
    </testcase>
    <testcase classname="1005 https://www.saucedemo.com Adresine gidin" name="TC 008 Sepete Ürün Ekleme" time="3.534">
        <failure message="The scenario has pending or undefined step(s)" type="java.lang.Exception">
            <![CDATA[Given "sauceDemoURL" ana sayfasina gidelim..................................passed
Then Username kutusuna “standard_user” yazdirin.............................undefined
And Password kutusuna “secret_sauce” yazdirin...............................skipped
When Login tusuna basin.....................................................skipped
Then Ilk urunun ismini kaydedin ve bu urunun sayfasina gidin................skipped
And Add to Cart butonuna basin..............................................skipped
And Alisveris sepetine tiklayin.............................................skipped
Then Sectiginiz urunun basarili olarak sepete eklendigini control edin......skipped
And sayfayi kapatir.........................................................skipped
]]>
        </failure>
    </testcase>
    <testcase classname="1003 TestAdress" name="TC005 TestAddressBook" time="7.982">
        <system-out>
            <![CDATA[Given "testAdressUrl" ana sayfasina gidelim.................................passed
Then TestAdreesAnasayfa Sign in butonuna tiklayin...........................passed
And TestAdressKullanıcı adını ve şifreyi girin..............................passed
Then Expecteduserid'yi dogrulayon...........................................passed
And Sayfada kac tane link oldugunu bulun....................................passed
Then linklerin yazılarını yazdiralim........................................passed
And sayfayi kapatir.........................................................passed
]]>
        </system-out>
    </testcase>
</testsuite>
